# JRE version: Java(TM) SE Runtime Environment (8.0_151-b12) (build 1.8.0_151-b12)
# Java VM: Java HotSpot(TM) Client VM (25.151-b12 mixed mode windows-x86 )
Heap:
 def new generation   total 14080K, used 5973K [0x04a00000, 0x05940000, 0x09f50000)
  eden space 12544K,  37% used [0x04a00000, 0x04e88568, 0x05640000)
  from space 1536K,  86% used [0x05640000, 0x0578cf00, 0x057c0000)
  to   space 1536K,   0% used [0x057c0000, 0x057c0000, 0x05940000)
 tenured generation   total 31148K, used 28602K [0x09f50000, 0x0bdbb000, 0x14a00000)
   the space 31148K,  91% used [0x09f50000, 0x0bb3eaf0, 0x0bb3ec00, 0x0bdbb000)
 Metaspace       used 30389K, capacity 30710K, committed 30848K, reserved 31104K
GC Heap History (10 events):
Event: 22.167 GC heap before
{Heap before GC invocations=89 (full 3):
 def new generation   total 14080K, used 13818K [0x04a00000, 0x05940000, 0x09f50000)
  eden space 12544K, 100% used [0x04a00000, 0x05640000, 0x05640000)
  from space 1536K,  82% used [0x057c0000, 0x058fe838, 0x05940000)
  to   space 1536K,   0% used [0x05640000, 0x05640000, 0x057c0000)
 tenured generation   total 31148K, used 25620K [0x09f50000, 0x0bdbb000, 0x14a00000)
   the space 31148K,  82% used [0x09f50000, 0x0b8553c0, 0x0b855400, 0x0bdbb000)
 Metaspace       used 26925K, capacity 27204K, committed 27392K, reserved 28032K
Event: 22.172 GC heap after
Heap after GC invocations=90 (full 3):
 def new generation   total 14080K, used 945K [0x04a00000, 0x05940000, 0x09f50000)
  eden space 12544K,   0% used [0x04a00000, 0x04a00000, 0x05640000)
  from space 1536K,  61% used [0x05640000, 0x0572c620, 0x057c0000)
  to   space 1536K,   0% used [0x057c0000, 0x057c0000, 0x05940000)
 tenured generation   total 31148K, used 26170K [0x09f50000, 0x0bdbb000, 0x14a00000)
   the space 31148K,  84% used [0x09f50000, 0x0b8de820, 0x0b8dea00, 0x0bdbb000)
 Metaspace       used 26925K, capacity 27204K, committed 27392K, reserved 28032K
}
Event: 65.771 GC heap before
{Heap before GC invocations=90 (full 3):
 def new generation   total 14080K, used 13489K [0x04a00000, 0x05940000, 0x09f50000)
  eden space 12544K, 100% used [0x04a00000, 0x05640000, 0x05640000)
  from space 1536K,  61% used [0x05640000, 0x0572c620, 0x057c0000)
  to   space 1536K,   0% used [0x057c0000, 0x057c0000, 0x05940000)
 tenured generation   total 31148K, used 26170K [0x09f50000, 0x0bdbb000, 0x14a00000)
   the space 31148K,  84% used [0x09f50000, 0x0b8de820, 0x0b8dea00, 0x0bdbb000)
 Metaspace       used 27545K, capacity 27839K, committed 28032K, reserved 28032K
Event: 65.780 GC heap after
Heap after GC invocations=91 (full 3):
 def new generation   total 14080K, used 1384K [0x04a00000, 0x05940000, 0x09f50000)
  eden space 12544K,   0% used [0x04a00000, 0x04a00000, 0x05640000)
  from space 1536K,  90% used [0x057c0000, 0x0591a1e0, 0x05940000)
  to   space 1536K,   0% used [0x05640000, 0x05640000, 0x057c0000)
 tenured generation   total 31148K, used 26633K [0x09f50000, 0x0bdbb000, 0x14a00000)
   the space 31148K,  85% used [0x09f50000, 0x0b9526a8, 0x0b952800, 0x0bdbb000)
 Metaspace       used 27545K, capacity 27839K, committed 28032K, reserved 28032K
}
Event: 66.051 GC heap before
{Heap before GC invocations=91 (full 3):
 def new generation   total 14080K, used 13928K [0x04a00000, 0x05940000, 0x09f50000)
  eden space 12544K, 100% used [0x04a00000, 0x05640000, 0x05640000)
  from space 1536K,  90% used [0x057c0000, 0x0591a1e0, 0x05940000)
  to   space 1536K,   0% used [0x05640000, 0x05640000, 0x057c0000)
 tenured generation   total 31148K, used 26633K [0x09f50000, 0x0bdbb000, 0x14a00000)
   the space 31148K,  85% used [0x09f50000, 0x0b9526a8, 0x0b952800, 0x0bdbb000)
 Metaspace       used 28488K, capacity 28767K, committed 28928K, reserved 29056K
Event: 66.062 GC heap after
Heap after GC invocations=92 (full 3):
 def new generation   total 14080K, used 1536K [0x04a00000, 0x05940000, 0x09f50000)
  eden space 12544K,   0% used [0x04a00000, 0x04a00000, 0x05640000)
  from space 1536K, 100% used [0x05640000, 0x057c0000, 0x057c0000)
  to   space 1536K,   0% used [0x057c0000, 0x057c0000, 0x05940000)
 tenured generation   total 31148K, used 27742K [0x09f50000, 0x0bdbb000, 0x14a00000)
   the space 31148K,  89% used [0x09f50000, 0x0ba67b78, 0x0ba67c00, 0x0bdbb000)
 Metaspace       used 28488K, capacity 28767K, committed 28928K, reserved 29056K
}
Event: 108.018 GC heap before
{Heap before GC invocations=92 (full 3):
 def new generation   total 14080K, used 14080K [0x04a00000, 0x05940000, 0x09f50000)
  eden space 12544K, 100% used [0x04a00000, 0x05640000, 0x05640000)
  from space 1536K, 100% used [0x05640000, 0x057c0000, 0x057c0000)
  to   space 1536K,   0% used [0x057c0000, 0x057c0000, 0x05940000)
 tenured generation   total 31148K, used 27742K [0x09f50000, 0x0bdbb000, 0x14a00000)
   the space 31148K,  89% used [0x09f50000, 0x0ba67b78, 0x0ba67c00, 0x0bdbb000)
 Metaspace       used 29302K, capacity 29575K, committed 29696K, reserved 30080K
Event: 108.024 GC heap after
Heap after GC invocations=93 (full 3):
 def new generation   total 14080K, used 1314K [0x04a00000, 0x05940000, 0x09f50000)
  eden space 12544K,   0% used [0x04a00000, 0x04a00000, 0x05640000)
  from space 1536K,  85% used [0x057c0000, 0x059088e0, 0x05940000)
  to   space 1536K,   0% used [0x05640000, 0x05640000, 0x057c0000)
 tenured generation   total 31148K, used 28171K [0x09f50000, 0x0bdbb000, 0x14a00000)
   the space 31148K,  90% used [0x09f50000, 0x0bad2d78, 0x0bad2e00, 0x0bdbb000)
 Metaspace       used 29302K, capacity 29575K, committed 29696K, reserved 30080K
}
Event: 108.291 GC heap before
{Heap before GC invocations=93 (full 3):
 def new generation   total 14080K, used 13853K [0x04a00000, 0x05940000, 0x09f50000)
  eden space 12544K,  99% used [0x04a00000, 0x0563ed80, 0x05640000)
  from space 1536K,  85% used [0x057c0000, 0x059088e0, 0x05940000)
  to   space 1536K,   0% used [0x05640000, 0x05640000, 0x057c0000)
 tenured generation   total 31148K, used 28171K [0x09f50000, 0x0bdbb000, 0x14a00000)
   the space 31148K,  90% used [0x09f50000, 0x0bad2d78, 0x0bad2e00, 0x0bdbb000)
 Metaspace       used 30214K, capacity 30508K, committed 30720K, reserved 31104K
Event: 108.296 GC heap after
Heap after GC invocations=94 (full 3):
 def new generation   total 14080K, used 1331K [0x04a00000, 0x05940000, 0x09f50000)
  eden space 12544K,   0% used [0x04a00000, 0x04a00000, 0x05640000)
  from space 1536K,  86% used [0x05640000, 0x0578cf00, 0x057c0000)
  to   space 1536K,   0% used [0x057c0000, 0x057c0000, 0x05940000)
 tenured generation   total 31148K, used 28602K [0x09f50000, 0x0bdbb000, 0x14a00000)
   the space 31148K,  91% used [0x09f50000, 0x0bb3eaf0, 0x0bb3ec00, 0x0bdbb000)
 Metaspace       used 30214K, capacity 30508K, committed 30720K, reserved 31104K
}

