# JRE version: Java(TM) SE Runtime Environment (8.0_151-b12) (build 1.8.0_151-b12)
# Java VM: Java HotSpot(TM) Client VM (25.151-b12 mixed mode windows-x86 )
Heap:
 def new generation   total 14976K, used 10289K [0x04e00000, 0x05e30000, 0x0a350000)
  eden space 13376K,  76% used [0x04e00000, 0x0580c440, 0x05b10000)
  from space 1600K,   0% used [0x05b10000, 0x05b10000, 0x05ca0000)
  to   space 1600K,   0% used [0x05ca0000, 0x05ca0000, 0x05e30000)
 tenured generation   total 33052K, used 18412K [0x0a350000, 0x0c397000, 0x14e00000)
   the space 33052K,  55% used [0x0a350000, 0x0b54b168, 0x0b54b200, 0x0c397000)
 Metaspace       used 30525K, capacity 30764K, committed 31104K, reserved 31104K
GC Heap History (10 events):
Event: 10.315 GC heap before
{Heap before GC invocations=89 (full 3):
 def new generation   total 14976K, used 14593K [0x04e00000, 0x05e30000, 0x0a350000)
  eden space 13376K, 100% used [0x04e00000, 0x05b10000, 0x05b10000)
  from space 1600K,  76% used [0x05b10000, 0x05c40608, 0x05ca0000)
  to   space 1600K,   0% used [0x05ca0000, 0x05ca0000, 0x05e30000)
 tenured generation   total 33052K, used 25863K [0x0a350000, 0x0c397000, 0x14e00000)
   the space 33052K,  78% used [0x0a350000, 0x0bc91cd0, 0x0bc91e00, 0x0c397000)
 Metaspace       used 27332K, capacity 27628K, committed 27776K, reserved 28032K
Event: 10.322 GC heap after
Heap after GC invocations=90 (full 3):
 def new generation   total 14976K, used 1112K [0x04e00000, 0x05e30000, 0x0a350000)
  eden space 13376K,   0% used [0x04e00000, 0x04e00000, 0x05b10000)
  from space 1600K,  69% used [0x05ca0000, 0x05db62f8, 0x05e30000)
  to   space 1600K,   0% used [0x05b10000, 0x05b10000, 0x05ca0000)
 tenured generation   total 33052K, used 26134K [0x0a350000, 0x0c397000, 0x14e00000)
   the space 33052K,  79% used [0x0a350000, 0x0bcd5b80, 0x0bcd5c00, 0x0c397000)
 Metaspace       used 27332K, capacity 27628K, committed 27776K, reserved 28032K
}
Event: 37.043 GC heap before
{Heap before GC invocations=90 (full 3):
 def new generation   total 14976K, used 14488K [0x04e00000, 0x05e30000, 0x0a350000)
  eden space 13376K, 100% used [0x04e00000, 0x05b10000, 0x05b10000)
  from space 1600K,  69% used [0x05ca0000, 0x05db62f8, 0x05e30000)
  to   space 1600K,   0% used [0x05b10000, 0x05b10000, 0x05ca0000)
 tenured generation   total 33052K, used 26134K [0x0a350000, 0x0c397000, 0x14e00000)
   the space 33052K,  79% used [0x0a350000, 0x0bcd5b80, 0x0bcd5c00, 0x0c397000)
 Metaspace       used 28120K, capacity 28428K, committed 28544K, reserved 29056K
Event: 37.053 GC heap after
Heap after GC invocations=91 (full 3):
 def new generation   total 14976K, used 1600K [0x04e00000, 0x05e30000, 0x0a350000)
  eden space 13376K,   0% used [0x04e00000, 0x04e00000, 0x05b10000)
  from space 1600K, 100% used [0x05b10000, 0x05ca0000, 0x05ca0000)
  to   space 1600K,   0% used [0x05ca0000, 0x05ca0000, 0x05e30000)
 tenured generation   total 33052K, used 26923K [0x0a350000, 0x0c397000, 0x14e00000)
   the space 33052K,  81% used [0x0a350000, 0x0bd9ace0, 0x0bd9ae00, 0x0c397000)
 Metaspace       used 28120K, capacity 28428K, committed 28544K, reserved 29056K
}
Event: 37.285 GC heap before
{Heap before GC invocations=91 (full 3):
 def new generation   total 14976K, used 14976K [0x04e00000, 0x05e30000, 0x0a350000)
  eden space 13376K, 100% used [0x04e00000, 0x05b10000, 0x05b10000)
  from space 1600K, 100% used [0x05b10000, 0x05ca0000, 0x05ca0000)
  to   space 1600K,   0% used [0x05ca0000, 0x05ca0000, 0x05e30000)
 tenured generation   total 33052K, used 26923K [0x0a350000, 0x0c397000, 0x14e00000)
   the space 33052K,  81% used [0x0a350000, 0x0bd9ace0, 0x0bd9ae00, 0x0c397000)
 Metaspace       used 29116K, capacity 29420K, committed 29568K, reserved 30080K
Event: 37.295 GC heap after
Heap after GC invocations=92 (full 3):
 def new generation   total 14976K, used 1562K [0x04e00000, 0x05e30000, 0x0a350000)
  eden space 13376K,   0% used [0x04e00000, 0x04e00000, 0x05b10000)
  from space 1600K,  97% used [0x05ca0000, 0x05e26be0, 0x05e30000)
  to   space 1600K,   0% used [0x05b10000, 0x05b10000, 0x05ca0000)
 tenured generation   total 33052K, used 28024K [0x0a350000, 0x0c397000, 0x14e00000)
   the space 33052K,  84% used [0x0a350000, 0x0beae020, 0x0beae200, 0x0c397000)
 Metaspace       used 29116K, capacity 29420K, committed 29568K, reserved 30080K
}
Event: 48.041 GC heap before
{Heap before GC invocations=92 (full 3):
 def new generation   total 14976K, used 14938K [0x04e00000, 0x05e30000, 0x0a350000)
  eden space 13376K, 100% used [0x04e00000, 0x05b10000, 0x05b10000)
  from space 1600K,  97% used [0x05ca0000, 0x05e26be0, 0x05e30000)
  to   space 1600K,   0% used [0x05b10000, 0x05b10000, 0x05ca0000)
 tenured generation   total 33052K, used 28024K [0x0a350000, 0x0c397000, 0x14e00000)
   the space 33052K,  84% used [0x0a350000, 0x0beae020, 0x0beae200, 0x0c397000)
 Metaspace       used 30096K, capacity 30385K, committed 30592K, reserved 31104K
Event: 48.047 GC heap after
Heap after GC invocations=93 (full 3):
 def new generation   total 14976K, used 1431K [0x04e00000, 0x05e30000, 0x0a350000)
  eden space 13376K,   0% used [0x04e00000, 0x04e00000, 0x05b10000)
  from space 1600K,  89% used [0x05b10000, 0x05c75f28, 0x05ca0000)
  to   space 1600K,   0% used [0x05ca0000, 0x05ca0000, 0x05e30000)
 tenured generation   total 33052K, used 28382K [0x0a350000, 0x0c397000, 0x14e00000)
   the space 33052K,  85% used [0x0a350000, 0x0bf07ba0, 0x0bf07c00, 0x0c397000)
 Metaspace       used 30096K, capacity 30385K, committed 30592K, reserved 31104K
}
Event: 54.738 GC heap before
{Heap before GC invocations=93 (full 3):
 def new generation   total 14976K, used 6734K [0x04e00000, 0x05e30000, 0x0a350000)
  eden space 13376K,  39% used [0x04e00000, 0x0532da48, 0x05b10000)
  from space 1600K,  89% used [0x05b10000, 0x05c75f28, 0x05ca0000)
  to   space 1600K,   0% used [0x05ca0000, 0x05ca0000, 0x05e30000)
 tenured generation   total 33052K, used 28382K [0x0a350000, 0x0c397000, 0x14e00000)
   the space 33052K,  85% used [0x0a350000, 0x0bf07ba0, 0x0bf07c00, 0x0c397000)
 Metaspace       used 30349K, capacity 30651K, committed 30848K, reserved 31104K
Event: 54.823 GC heap after
Heap after GC invocations=94 (full 4):
 def new generation   total 14976K, used 0K [0x04e00000, 0x05e30000, 0x0a350000)
  eden space 13376K,   0% used [0x04e00000, 0x04e00000, 0x05b10000)
  from space 1600K,   0% used [0x05b10000, 0x05b10000, 0x05ca0000)
  to   space 1600K,   0% used [0x05ca0000, 0x05ca0000, 0x05e30000)
 tenured generation   total 33052K, used 18412K [0x0a350000, 0x0c397000, 0x14e00000)
   the space 33052K,  55% used [0x0a350000, 0x0b54b168, 0x0b54b200, 0x0c397000)
 Metaspace       used 30198K, capacity 30456K, committed 30848K, reserved 31104K
}

