# JRE version: Java(TM) SE Runtime Environment (8.0_151-b12) (build 1.8.0_151-b12)
# Java VM: Java HotSpot(TM) Client VM (25.151-b12 mixed mode windows-x86 )
Heap:
 def new generation   total 14848K, used 11685K [0x05400000, 0x06410000, 0x0a950000)
  eden space 13248K,  76% used [0x05400000, 0x05df5428, 0x060f0000)
  from space 1600K,  93% used [0x06280000, 0x063f4328, 0x06410000)
  to   space 1600K,   0% used [0x060f0000, 0x060f0000, 0x06280000)
 tenured generation   total 32816K, used 28451K [0x0a950000, 0x0c95c000, 0x15400000)
   the space 32816K,  86% used [0x0a950000, 0x0c518ee8, 0x0c519000, 0x0c95c000)
 Metaspace       used 30443K, capacity 30742K, committed 30976K, reserved 31104K
GC Heap History (10 events):
Event: 9.914 GC heap before
{Heap before GC invocations=88 (full 3):
 def new generation   total 14848K, used 14403K [0x05400000, 0x06410000, 0x0a950000)
  eden space 13248K, 100% used [0x05400000, 0x060f0000, 0x060f0000)
  from space 1600K,  72% used [0x060f0000, 0x06210d90, 0x06280000)
  to   space 1600K,   0% used [0x06280000, 0x06280000, 0x06410000)
 tenured generation   total 32816K, used 25404K [0x0a950000, 0x0c95c000, 0x15400000)
   the space 32816K,  77% used [0x0a950000, 0x0c21f090, 0x0c21f200, 0x0c95c000)
 Metaspace       used 26916K, capacity 27189K, committed 27392K, reserved 28032K
Event: 9.920 GC heap after
Heap after GC invocations=89 (full 3):
 def new generation   total 14848K, used 1352K [0x05400000, 0x06410000, 0x0a950000)
  eden space 13248K,   0% used [0x05400000, 0x05400000, 0x060f0000)
  from space 1600K,  84% used [0x06280000, 0x063d20a8, 0x06410000)
  to   space 1600K,   0% used [0x060f0000, 0x060f0000, 0x06280000)
 tenured generation   total 32816K, used 25902K [0x0a950000, 0x0c95c000, 0x15400000)
   the space 32816K,  78% used [0x0a950000, 0x0c29b910, 0x0c29ba00, 0x0c95c000)
 Metaspace       used 26916K, capacity 27189K, committed 27392K, reserved 28032K
}
Event: 10.436 GC heap before
{Heap before GC invocations=89 (full 3):
 def new generation   total 14848K, used 14600K [0x05400000, 0x06410000, 0x0a950000)
  eden space 13248K, 100% used [0x05400000, 0x060f0000, 0x060f0000)
  from space 1600K,  84% used [0x06280000, 0x063d20a8, 0x06410000)
  to   space 1600K,   0% used [0x060f0000, 0x060f0000, 0x06280000)
 tenured generation   total 32816K, used 25902K [0x0a950000, 0x0c95c000, 0x15400000)
   the space 32816K,  78% used [0x0a950000, 0x0c29b910, 0x0c29ba00, 0x0c95c000)
 Metaspace       used 27315K, capacity 27598K, committed 27776K, reserved 28032K
Event: 10.441 GC heap after
Heap after GC invocations=90 (full 3):
 def new generation   total 14848K, used 1171K [0x05400000, 0x06410000, 0x0a950000)
  eden space 13248K,   0% used [0x05400000, 0x05400000, 0x060f0000)
  from space 1600K,  73% used [0x060f0000, 0x06214d10, 0x06280000)
  to   space 1600K,   0% used [0x06280000, 0x06280000, 0x06410000)
 tenured generation   total 32816K, used 26287K [0x0a950000, 0x0c95c000, 0x15400000)
   the space 32816K,  80% used [0x0a950000, 0x0c2fbf60, 0x0c2fc000, 0x0c95c000)
 Metaspace       used 27315K, capacity 27598K, committed 27776K, reserved 28032K
}
Event: 19.091 GC heap before
{Heap before GC invocations=90 (full 3):
 def new generation   total 14848K, used 14419K [0x05400000, 0x06410000, 0x0a950000)
  eden space 13248K, 100% used [0x05400000, 0x060f0000, 0x060f0000)
  from space 1600K,  73% used [0x060f0000, 0x06214d10, 0x06280000)
  to   space 1600K,   0% used [0x06280000, 0x06280000, 0x06410000)
 tenured generation   total 32816K, used 26287K [0x0a950000, 0x0c95c000, 0x15400000)
   the space 32816K,  80% used [0x0a950000, 0x0c2fbf60, 0x0c2fc000, 0x0c95c000)
 Metaspace       used 27952K, capacity 28255K, committed 28416K, reserved 29056K
Event: 19.100 GC heap after
Heap after GC invocations=91 (full 3):
 def new generation   total 14848K, used 1600K [0x05400000, 0x06410000, 0x0a950000)
  eden space 13248K,   0% used [0x05400000, 0x05400000, 0x060f0000)
  from space 1600K, 100% used [0x06280000, 0x06410000, 0x06410000)
  to   space 1600K,   0% used [0x060f0000, 0x060f0000, 0x06280000)
 tenured generation   total 32816K, used 27034K [0x0a950000, 0x0c95c000, 0x15400000)
   the space 32816K,  82% used [0x0a950000, 0x0c3b6938, 0x0c3b6a00, 0x0c95c000)
 Metaspace       used 27952K, capacity 28255K, committed 28416K, reserved 29056K
}
Event: 19.249 GC heap before
{Heap before GC invocations=91 (full 3):
 def new generation   total 14848K, used 14848K [0x05400000, 0x06410000, 0x0a950000)
  eden space 13248K, 100% used [0x05400000, 0x060f0000, 0x060f0000)
  from space 1600K, 100% used [0x06280000, 0x06410000, 0x06410000)
  to   space 1600K,   0% used [0x060f0000, 0x060f0000, 0x06280000)
 tenured generation   total 32816K, used 27034K [0x0a950000, 0x0c95c000, 0x15400000)
   the space 32816K,  82% used [0x0a950000, 0x0c3b6938, 0x0c3b6a00, 0x0c95c000)
 Metaspace       used 28922K, capacity 29183K, committed 29312K, reserved 30080K
Event: 19.256 GC heap after
Heap after GC invocations=92 (full 3):
 def new generation   total 14848K, used 1536K [0x05400000, 0x06410000, 0x0a950000)
  eden space 13248K,   0% used [0x05400000, 0x05400000, 0x060f0000)
  from space 1600K,  96% used [0x060f0000, 0x06270120, 0x06280000)
  to   space 1600K,   0% used [0x06280000, 0x06280000, 0x06410000)
 tenured generation   total 32816K, used 28161K [0x0a950000, 0x0c95c000, 0x15400000)
   the space 32816K,  85% used [0x0a950000, 0x0c4d07a0, 0x0c4d0800, 0x0c95c000)
 Metaspace       used 28922K, capacity 29183K, committed 29312K, reserved 30080K
}
Event: 27.210 GC heap before
{Heap before GC invocations=92 (full 3):
 def new generation   total 14848K, used 14784K [0x05400000, 0x06410000, 0x0a950000)
  eden space 13248K, 100% used [0x05400000, 0x060f0000, 0x060f0000)
  from space 1600K,  96% used [0x060f0000, 0x06270120, 0x06280000)
  to   space 1600K,   0% used [0x06280000, 0x06280000, 0x06410000)
 tenured generation   total 32816K, used 28161K [0x0a950000, 0x0c95c000, 0x15400000)
   the space 32816K,  85% used [0x0a950000, 0x0c4d07a0, 0x0c4d0800, 0x0c95c000)
 Metaspace       used 29928K, capacity 30212K, committed 30336K, reserved 31104K
Event: 27.217 GC heap after
Heap after GC invocations=93 (full 3):
 def new generation   total 14848K, used 1488K [0x05400000, 0x06410000, 0x0a950000)
  eden space 13248K,   0% used [0x05400000, 0x05400000, 0x060f0000)
  from space 1600K,  93% used [0x06280000, 0x063f4328, 0x06410000)
  to   space 1600K,   0% used [0x060f0000, 0x060f0000, 0x06280000)
 tenured generation   total 32816K, used 28451K [0x0a950000, 0x0c95c000, 0x15400000)
   the space 32816K,  86% used [0x0a950000, 0x0c518ee8, 0x0c519000, 0x0c95c000)
 Metaspace       used 29928K, capacity 30212K, committed 30336K, reserved 31104K
}

